WARN  10-05 21:26:30[http-bio-8081-exec-3]control.MessageController      a                    Failed to read license!
org.apache.ibatis.exceptions.PersistenceException: 
### Error querying database.  Cause: org.apache.tomcat.dbcp.dbcp.SQLNestedException: Cannot create PoolableConnectionFactory (IO 예외 상황: The Network Adapter could not establish the connection)
### The error may exist in file:///C:\Users\regar\git\CodyDoctor-Server\bizmob.coway.SMART_HOME/conf/auth/ORACLE/Env.xml
### The error may involve Env.selectEnvByPk
### The error occurred while executing a query
### Cause: org.apache.tomcat.dbcp.dbcp.SQLNestedException: Cannot create PoolableConnectionFactory (IO 예외 상황: The Network Adapter could not establish the connection)
	at org.apache.ibatis.exceptions.ExceptionFactory.wrapException(ExceptionFactory.java:26)
	at org.apache.ibatis.session.defaults.DefaultSqlSession.selectList(DefaultSqlSession.java:111)
	at org.apache.ibatis.session.defaults.DefaultSqlSession.selectList(DefaultSqlSession.java:102)
	at com.mcnc.smart.db.dao.MyBatisDao.a(SourceFile:187)
	at com.mcnc.smart.db.dao.MyBatisDao.selectFromSQL(SourceFile:111)
	at com.mcnc.smart.db.dao.MyBatisDao.select(SourceFile:98)
	at com.mcnc.smart.db.dao.MyBatisDao.execute(SourceFile:58)
	at com.mcnc.portal.auth.dao.EnvDao.selectEnvByPk(SourceFile:31)
	at com.mcnc.portal.auth.reader.DBLicenseReader.getLicense(SourceFile:41)
	at com.mcnc.smart.hybrid.server.web.control.MessageController.a(SourceFile:763)
	at com.mcnc.smart.hybrid.server.web.control.MessageController.handleMessage(SourceFile:152)
	at sun.reflect.NativeMethodAccessorImpl.invoke0(Native Method)
	at sun.reflect.NativeMethodAccessorImpl.invoke(NativeMethodAccessorImpl.java:57)
	at sun.reflect.DelegatingMethodAccessorImpl.invoke(DelegatingMethodAccessorImpl.java:43)
	at java.lang.reflect.Method.invoke(Method.java:606)
	at org.springframework.web.bind.annotation.support.HandlerMethodInvoker.invokeHandlerMethod(HandlerMethodInvoker.java:176)
	at org.springframework.web.servlet.mvc.annotation.AnnotationMethodHandlerAdapter.invokeHandlerMethod(AnnotationMethodHandlerAdapter.java:426)
	at org.springframework.web.servlet.mvc.annotation.AnnotationMethodHandlerAdapter.handle(AnnotationMethodHandlerAdapter.java:414)
	at org.springframework.web.servlet.DispatcherServlet.doDispatch(DispatcherServlet.java:790)
	at org.springframework.web.servlet.DispatcherServlet.doService(DispatcherServlet.java:719)
	at org.springframework.web.servlet.FrameworkServlet.processRequest(FrameworkServlet.java:644)
	at org.springframework.web.servlet.FrameworkServlet.doGet(FrameworkServlet.java:549)
	at javax.servlet.http.HttpServlet.service(HttpServlet.java:621)
	at javax.servlet.http.HttpServlet.service(HttpServlet.java:722)
	at org.apache.catalina.core.ApplicationFilterChain.internalDoFilter(ApplicationFilterChain.java:304)
	at org.apache.catalina.core.ApplicationFilterChain.doFilter(ApplicationFilterChain.java:210)
	at org.springframework.web.filter.HiddenHttpMethodFilter.doFilterInternal(HiddenHttpMethodFilter.java:77)
	at org.springframework.web.filter.OncePerRequestFilter.doFilter(OncePerRequestFilter.java:76)
	at org.apache.catalina.core.ApplicationFilterChain.internalDoFilter(ApplicationFilterChain.java:243)
	at org.apache.catalina.core.ApplicationFilterChain.doFilter(ApplicationFilterChain.java:210)
	at com.mcnc.bizmob.filter.SimpleFilter.doFilter(SimpleFilter.java:22)
	at org.apache.catalina.core.ApplicationFilterChain.internalDoFilter(ApplicationFilterChain.java:243)
	at org.apache.catalina.core.ApplicationFilterChain.doFilter(ApplicationFilterChain.java:210)
	at common.filter.ServicePauseFilter.doFilter(ServicePauseFilter.java:77)
	at org.apache.catalina.core.ApplicationFilterChain.internalDoFilter(ApplicationFilterChain.java:243)
	at org.apache.catalina.core.ApplicationFilterChain.doFilter(ApplicationFilterChain.java:210)
	at org.springframework.web.filter.CharacterEncodingFilter.doFilterInternal(CharacterEncodingFilter.java:88)
	at org.springframework.web.filter.OncePerRequestFilter.doFilter(OncePerRequestFilter.java:76)
	at org.apache.catalina.core.ApplicationFilterChain.internalDoFilter(ApplicationFilterChain.java:243)
	at org.apache.catalina.core.ApplicationFilterChain.doFilter(ApplicationFilterChain.java:210)
	at org.apache.catalina.core.StandardWrapperValve.invoke(StandardWrapperValve.java:224)
	at org.apache.catalina.core.StandardContextValve.invoke(StandardContextValve.java:169)
	at org.apache.catalina.authenticator.AuthenticatorBase.invoke(AuthenticatorBase.java:472)
	at org.apache.catalina.core.StandardHostValve.invoke(StandardHostValve.java:168)
	at org.apache.catalina.valves.ErrorReportValve.invoke(ErrorReportValve.java:100)
	at org.apache.catalina.valves.AccessLogValve.invoke(AccessLogValve.java:929)
	at org.apache.catalina.core.StandardEngineValve.invoke(StandardEngineValve.java:118)
	at org.apache.catalina.connector.CoyoteAdapter.service(CoyoteAdapter.java:405)
	at org.apache.coyote.http11.AbstractHttp11Processor.process(AbstractHttp11Processor.java:964)
	at org.apache.coyote.AbstractProtocol$AbstractConnectionHandler.process(AbstractProtocol.java:515)
	at org.apache.tomcat.util.net.JIoEndpoint$SocketProcessor.run(JIoEndpoint.java:302)
	at java.util.concurrent.ThreadPoolExecutor.runWorker(ThreadPoolExecutor.java:1145)
	at java.util.concurrent.ThreadPoolExecutor$Worker.run(ThreadPoolExecutor.java:615)
	at java.lang.Thread.run(Thread.java:745)
Caused by: org.apache.tomcat.dbcp.dbcp.SQLNestedException: Cannot create PoolableConnectionFactory (IO 예외 상황: The Network Adapter could not establish the connection)
	at org.apache.tomcat.dbcp.dbcp.BasicDataSource.createPoolableConnectionFactory(BasicDataSource.java:1549)
	at org.apache.tomcat.dbcp.dbcp.BasicDataSource.createDataSource(BasicDataSource.java:1388)
	at org.apache.tomcat.dbcp.dbcp.BasicDataSource.getConnection(BasicDataSource.java:1044)
	at org.apache.ibatis.transaction.managed.ManagedTransaction.openConnection(ManagedTransaction.java:87)
	at org.apache.ibatis.transaction.managed.ManagedTransaction.getConnection(ManagedTransaction.java:61)
	at org.apache.ibatis.executor.BaseExecutor.getConnection(BaseExecutor.java:279)
	at org.apache.ibatis.executor.SimpleExecutor.prepareStatement(SimpleExecutor.java:72)
	at org.apache.ibatis.executor.SimpleExecutor.doQuery(SimpleExecutor.java:59)
	at org.apache.ibatis.executor.BaseExecutor.queryFromDatabase(BaseExecutor.java:267)
	at org.apache.ibatis.executor.BaseExecutor.query(BaseExecutor.java:137)
	at org.apache.ibatis.executor.CachingExecutor.query(CachingExecutor.java:96)
	at org.apache.ibatis.executor.CachingExecutor.query(CachingExecutor.java:77)
	at org.apache.ibatis.session.defaults.DefaultSqlSession.selectList(DefaultSqlSession.java:108)
	... 52 more
Caused by: java.sql.SQLException: IO 예외 상황: The Network Adapter could not establish the connection
	at oracle.jdbc.dbaccess.DBError.throwSqlException(DBError.java:134)
	at oracle.jdbc.dbaccess.DBError.throwSqlException(DBError.java:179)
	at oracle.jdbc.dbaccess.DBError.throwSqlException(DBError.java:334)
	at oracle.jdbc.driver.OracleConnection.<init>(OracleConnection.java:418)
	at oracle.jdbc.driver.OracleDriver.getConnectionInstance(OracleDriver.java:521)
	at oracle.jdbc.driver.OracleDriver.connect(OracleDriver.java:325)
	at org.apache.tomcat.dbcp.dbcp.DriverConnectionFactory.createConnection(DriverConnectionFactory.java:38)
	at org.apache.tomcat.dbcp.dbcp.PoolableConnectionFactory.makeObject(PoolableConnectionFactory.java:582)
	at org.apache.tomcat.dbcp.dbcp.BasicDataSource.validateConnectionFactory(BasicDataSource.java:1556)
	at org.apache.tomcat.dbcp.dbcp.BasicDataSource.createPoolableConnectionFactory(BasicDataSource.java:1545)
	... 64 more
FATAL 10-05 21:26:30[http-bio-8081-exec-3]control.MessageController      a                    FAILED TO READ LICENSE! THE SERVER STOPS!
ERROR 10-05 22:48:00[http-nio-8090-exec-4]web.TimeCheckInterceptor       preHandle            요청 데이터 파싱 실패
요청 데이터 : null
java.lang.NullPointerException
	at java.io.StringReader.<init>(StringReader.java:50)
	at org.codehaus.jackson.JsonFactory.createJsonParser(JsonFactory.java:427)
	at org.codehaus.jackson.map.ObjectMapper.readValue(ObjectMapper.java:1285)
	at org.codehaus.jackson.map.ObjectMapper.readTree(ObjectMapper.java:1007)
	at web.TimeCheckInterceptor.preHandle(TimeCheckInterceptor.java:50)
	at org.springframework.web.servlet.DispatcherServlet.doDispatch(DispatcherServlet.java:781)
	at org.springframework.web.servlet.DispatcherServlet.doService(DispatcherServlet.java:719)
	at org.springframework.web.servlet.FrameworkServlet.processRequest(FrameworkServlet.java:644)
	at org.springframework.web.servlet.FrameworkServlet.doGet(FrameworkServlet.java:549)
	at javax.servlet.http.HttpServlet.service(HttpServlet.java:626)
	at javax.servlet.http.HttpServlet.service(HttpServlet.java:733)
	at org.apache.catalina.core.ApplicationFilterChain.internalDoFilter(ApplicationFilterChain.java:227)
	at org.apache.catalina.core.ApplicationFilterChain.doFilter(ApplicationFilterChain.java:162)
	at org.springframework.web.filter.HiddenHttpMethodFilter.doFilterInternal(HiddenHttpMethodFilter.java:77)
	at org.springframework.web.filter.OncePerRequestFilter.doFilter(OncePerRequestFilter.java:76)
	at org.apache.catalina.core.ApplicationFilterChain.internalDoFilter(ApplicationFilterChain.java:189)
	at org.apache.catalina.core.ApplicationFilterChain.doFilter(ApplicationFilterChain.java:162)
	at org.apache.tomcat.websocket.server.WsFilter.doFilter(WsFilter.java:53)
	at org.apache.catalina.core.ApplicationFilterChain.internalDoFilter(ApplicationFilterChain.java:189)
	at org.apache.catalina.core.ApplicationFilterChain.doFilter(ApplicationFilterChain.java:162)
	at com.mcnc.bizmob.filter.SimpleFilter.doFilter(SimpleFilter.java:22)
	at org.apache.catalina.core.ApplicationFilterChain.internalDoFilter(ApplicationFilterChain.java:189)
	at org.apache.catalina.core.ApplicationFilterChain.doFilter(ApplicationFilterChain.java:162)
	at common.filter.ServicePauseFilter.doFilter(ServicePauseFilter.java:77)
	at org.apache.catalina.core.ApplicationFilterChain.internalDoFilter(ApplicationFilterChain.java:189)
	at org.apache.catalina.core.ApplicationFilterChain.doFilter(ApplicationFilterChain.java:162)
	at org.springframework.web.filter.CharacterEncodingFilter.doFilterInternal(CharacterEncodingFilter.java:88)
	at org.springframework.web.filter.OncePerRequestFilter.doFilter(OncePerRequestFilter.java:76)
	at org.apache.catalina.core.ApplicationFilterChain.internalDoFilter(ApplicationFilterChain.java:189)
	at org.apache.catalina.core.ApplicationFilterChain.doFilter(ApplicationFilterChain.java:162)
	at org.apache.catalina.core.StandardWrapperValve.invoke(StandardWrapperValve.java:202)
	at org.apache.catalina.core.StandardContextValve.invoke(StandardContextValve.java:97)
	at org.apache.catalina.authenticator.AuthenticatorBase.invoke(AuthenticatorBase.java:542)
	at org.apache.catalina.core.StandardHostValve.invoke(StandardHostValve.java:143)
	at org.apache.catalina.valves.ErrorReportValve.invoke(ErrorReportValve.java:92)
	at org.apache.catalina.valves.AbstractAccessLogValve.invoke(AbstractAccessLogValve.java:687)
	at org.apache.catalina.core.StandardEngineValve.invoke(StandardEngineValve.java:78)
	at org.apache.catalina.connector.CoyoteAdapter.service(CoyoteAdapter.java:357)
	at org.apache.coyote.http11.Http11Processor.service(Http11Processor.java:374)
	at org.apache.coyote.AbstractProcessorLight.process(AbstractProcessorLight.java:65)
	at org.apache.coyote.AbstractProtocol$ConnectionHandler.process(AbstractProtocol.java:893)
	at org.apache.tomcat.util.net.NioEndpoint$SocketProcessor.doRun(NioEndpoint.java:1707)
	at org.apache.tomcat.util.net.SocketProcessorBase.run(SocketProcessorBase.java:49)
	at java.util.concurrent.ThreadPoolExecutor.runWorker(ThreadPoolExecutor.java:1142)
	at java.util.concurrent.ThreadPoolExecutor$Worker.run(ThreadPoolExecutor.java:617)
	at org.apache.tomcat.util.threads.TaskThread$WrappingRunnable.run(TaskThread.java:61)
	at java.lang.Thread.run(Thread.java:748)
WARN  10-05 23:29:43[http-nio-8090-exec-2]servlet.DispatcherServlet      noHandlerFound       No mapping found for HTTP request with URI [/bizmob/health/check] in DispatcherServlet with name 'dispatcher'
