INFO  2021-10-06 14:38:23[                main]filter.ServicePauseFilter      init                 service pause enable = false
INFO  2021-10-06 14:38:23[                main]filter.ServicePauseFilter      init                 service pause message = 시스템 점검 중입니다. 사용에 불편을 드려 죄송합니다.
INFO  2021-10-06 14:38:23[                main]filter.ServicePauseFilter      init                 service pause time = Sun Jan 01 00:00:00 KST 2012 ~ Mon Jan 02 00:00:00 KST 2012
INFO  2021-10-06 14:38:23[                main]servlet.FrameworkServlet       initServletBean      FrameworkServlet 'dispatcher': initialization started
INFO  2021-10-06 14:38:23[                main]ort.AbstractApplicationContext prepareRefresh       Refreshing WebApplicationContext for namespace 'dispatcher-servlet': startup date [Wed Oct 06 14:38:23 KST 2021]; parent: Root WebApplicationContext
INFO  2021-10-06 14:38:23[                main]xml.XmlBeanDefinitionReader    loadBeanDefinitions  Loading XML bean definitions from ServletContext resource [/WEB-INF/controller-servlet.xml]
INFO  2021-10-06 14:38:23[                main]ningCandidateComponentProvider gisterDefaultFilters JSR-250 'javax.annotation.ManagedBean' found and supported for component scanning
INFO  2021-10-06 14:38:23[                main]ningCandidateComponentProvider gisterDefaultFilters JSR-250 'javax.annotation.ManagedBean' found and supported for component scanning
INFO  2021-10-06 14:38:23[                main]ningCandidateComponentProvider gisterDefaultFilters JSR-250 'javax.annotation.ManagedBean' found and supported for component scanning
INFO  2021-10-06 14:38:23[                main]ningCandidateComponentProvider gisterDefaultFilters JSR-250 'javax.annotation.ManagedBean' found and supported for component scanning
INFO  2021-10-06 14:38:23[                main]ningCandidateComponentProvider gisterDefaultFilters JSR-250 'javax.annotation.ManagedBean' found and supported for component scanning
INFO  2021-10-06 14:38:23[                main]ningCandidateComponentProvider gisterDefaultFilters JSR-250 'javax.annotation.ManagedBean' found and supported for component scanning
INFO  2021-10-06 14:38:23[                main]ort.DefaultListableBeanFactory nstantiateSingletons Pre-instantiating singletons in org.springframework.beans.factory.support.DefaultListableBeanFactory@35852b6: defining beans [org.springframework.web.servlet.mvc.annotation.DefaultAnnotationHandlerMapping#0,org.springframework.format.support.FormattingConversionServiceFactoryBean#0,org.springframework.web.servlet.mvc.annotation.AnnotationMethodHandlerAdapter#0,org.springframework.web.servlet.handler.MappedInterceptor#0,org.springframework.aop.config.internalAutoProxyCreator,org.springframework.context.annotation.internalConfigurationAnnotationProcessor,org.springframework.context.annotation.internalAutowiredAnnotationProcessor,org.springframework.context.annotation.internalRequiredAnnotationProcessor,org.springframework.context.annotation.internalCommonAnnotationProcessor,bizLogicDao,errorMessageDao,imageConversionDao,journalDao,jsonSchemaDao,localFileDao,sessionInfoDao,imageConversionService,jsonSvc,jsonSchemaValidator,localFileDownloadService,bizMOBDeviceServiceImpl,iosPlistController,documentDownloader,uploadController,downloadController,messageController,mockController,protocolController,cacheClearContoller,cowayDownloadController,cowayUploadController,healthCheckContoller,messageAwareProcessor,sessionAwareProcessor,org.springframework.web.servlet.config.viewControllerHandlerAdapter,org.springframework.web.servlet.config.viewControllerHandlerMapping,org.springframework.web.servlet.view.ContentNegotiatingViewResolver#0,multipartResolver,uploadDirResource,org.springframework.web.servlet.handler.MappedInterceptor#1,org.springframework.web.servlet.handler.MappedInterceptor#2]; parent: org.springframework.beans.factory.support.DefaultListableBeanFactory@3c9cab4
INFO  2021-10-06 14:38:23[                main]dler.AbstractUrlHandlerMapping registerHandler      Mapped URL path [/ios/update/{file_name}] onto handler 'iosPlistController'
INFO  2021-10-06 14:38:23[                main]dler.AbstractUrlHandlerMapping registerHandler      Mapped URL path [/ios/update/{file_name}.*] onto handler 'iosPlistController'
INFO  2021-10-06 14:38:23[                main]dler.AbstractUrlHandlerMapping registerHandler      Mapped URL path [/ios/update/{file_name}/] onto handler 'iosPlistController'
INFO  2021-10-06 14:38:23[                main]dler.AbstractUrlHandlerMapping registerHandler      Mapped URL path [/upload] onto handler 'uploadController'
INFO  2021-10-06 14:38:23[                main]dler.AbstractUrlHandlerMapping registerHandler      Mapped URL path [/upload.*] onto handler 'uploadController'
INFO  2021-10-06 14:38:23[                main]dler.AbstractUrlHandlerMapping registerHandler      Mapped URL path [/upload/] onto handler 'uploadController'
INFO  2021-10-06 14:38:23[                main]dler.AbstractUrlHandlerMapping registerHandler      Mapped URL path [/upload/.*] onto handler 'uploadController'
INFO  2021-10-06 14:38:23[                main]dler.AbstractUrlHandlerMapping registerHandler      Mapped URL path [/download/update/{type}] onto handler 'downloadController'
INFO  2021-10-06 14:38:23[                main]dler.AbstractUrlHandlerMapping registerHandler      Mapped URL path [/download/update/{type}.*] onto handler 'downloadController'
INFO  2021-10-06 14:38:23[                main]dler.AbstractUrlHandlerMapping registerHandler      Mapped URL path [/download/update/{type}/] onto handler 'downloadController'
INFO  2021-10-06 14:38:23[                main]dler.AbstractUrlHandlerMapping registerHandler      Mapped URL path [/download/image/{uid:.*}] onto handler 'downloadController'
INFO  2021-10-06 14:38:23[                main]dler.AbstractUrlHandlerMapping registerHandler      Mapped URL path [/download/{target}/**] onto handler 'downloadController'
INFO  2021-10-06 14:38:23[                main]dler.AbstractUrlHandlerMapping registerHandler      Mapped URL path [/download/{target}/**.*] onto handler 'downloadController'
INFO  2021-10-06 14:38:23[                main]dler.AbstractUrlHandlerMapping registerHandler      Mapped URL path [/download/{target}/**/] onto handler 'downloadController'
INFO  2021-10-06 14:38:23[                main]control.MessageController      d                    New Seed : 722942569
INFO  2021-10-06 14:38:23[                main]dler.AbstractUrlHandlerMapping registerHandler      Mapped URL path [//logout] onto handler 'messageController'
INFO  2021-10-06 14:38:23[                main]dler.AbstractUrlHandlerMapping registerHandler      Mapped URL path [//logout.*] onto handler 'messageController'
INFO  2021-10-06 14:38:23[                main]dler.AbstractUrlHandlerMapping registerHandler      Mapped URL path [//logout/] onto handler 'messageController'
INFO  2021-10-06 14:38:23[                main]dler.AbstractUrlHandlerMapping registerHandler      Mapped URL path [//{TRCode}] onto handler 'messageController'
INFO  2021-10-06 14:38:23[                main]dler.AbstractUrlHandlerMapping registerHandler      Mapped URL path [//{TRCode}.*] onto handler 'messageController'
INFO  2021-10-06 14:38:23[                main]dler.AbstractUrlHandlerMapping registerHandler      Mapped URL path [//{TRCode}/] onto handler 'messageController'
INFO  2021-10-06 14:38:23[                main]dler.AbstractUrlHandlerMapping registerHandler      Mapped URL path [//LOGOUT] onto handler 'messageController'
INFO  2021-10-06 14:38:23[                main]dler.AbstractUrlHandlerMapping registerHandler      Mapped URL path [//LOGOUT.*] onto handler 'messageController'
INFO  2021-10-06 14:38:23[                main]dler.AbstractUrlHandlerMapping registerHandler      Mapped URL path [//LOGOUT/] onto handler 'messageController'
INFO  2021-10-06 14:38:23[                main]dler.AbstractUrlHandlerMapping registerHandler      Mapped URL path [//validate/{TRCode}] onto handler 'messageController'
INFO  2021-10-06 14:38:23[                main]dler.AbstractUrlHandlerMapping registerHandler      Mapped URL path [//validate/{TRCode}.*] onto handler 'messageController'
INFO  2021-10-06 14:38:23[                main]dler.AbstractUrlHandlerMapping registerHandler      Mapped URL path [//validate/{TRCode}/] onto handler 'messageController'
INFO  2021-10-06 14:38:23[                main]dler.AbstractUrlHandlerMapping registerHandler      Mapped URL path [/mock/{TRCode}] onto handler 'mockController'
INFO  2021-10-06 14:38:23[                main]dler.AbstractUrlHandlerMapping registerHandler      Mapped URL path [/mock/{TRCode}.*] onto handler 'mockController'
INFO  2021-10-06 14:38:23[                main]dler.AbstractUrlHandlerMapping registerHandler      Mapped URL path [/mock/{TRCode}/] onto handler 'mockController'
INFO  2021-10-06 14:38:23[                main]dler.AbstractUrlHandlerMapping registerHandler      Mapped URL path [/protocol/syncUploadFile.json] onto handler 'protocolController'
INFO  2021-10-06 14:38:23[                main]dler.AbstractUrlHandlerMapping registerHandler      Mapped URL path [/protocol/selectServerInfoData.sm] onto handler 'protocolController'
INFO  2021-10-06 14:38:23[                main]dler.AbstractUrlHandlerMapping registerHandler      Mapped URL path [/protocol/selectChartSeriesData.sm] onto handler 'protocolController'
INFO  2021-10-06 14:38:23[                main]dler.AbstractUrlHandlerMapping registerHandler      Mapped URL path [/protocol/selectDiskInfoData.sm] onto handler 'protocolController'
INFO  2021-10-06 14:38:23[                main]dler.AbstractUrlHandlerMapping registerHandler      Mapped URL path [/cache/clear/{rfcName}] onto handler 'cacheClearContoller'
INFO  2021-10-06 14:38:23[                main]dler.AbstractUrlHandlerMapping registerHandler      Mapped URL path [/cache/clear/{rfcName}.*] onto handler 'cacheClearContoller'
INFO  2021-10-06 14:38:23[                main]dler.AbstractUrlHandlerMapping registerHandler      Mapped URL path [/cache/clear/{rfcName}/] onto handler 'cacheClearContoller'
INFO  2021-10-06 14:38:23[                main]dler.AbstractUrlHandlerMapping registerHandler      Mapped URL path [/cache/clear/all] onto handler 'cacheClearContoller'
INFO  2021-10-06 14:38:23[                main]dler.AbstractUrlHandlerMapping registerHandler      Mapped URL path [/cache/clear/all.*] onto handler 'cacheClearContoller'
INFO  2021-10-06 14:38:23[                main]dler.AbstractUrlHandlerMapping registerHandler      Mapped URL path [/cache/clear/all/] onto handler 'cacheClearContoller'
INFO  2021-10-06 14:38:23[                main]dler.AbstractUrlHandlerMapping registerHandler      Mapped URL path [/cache/select/{rfcName}] onto handler 'cacheClearContoller'
INFO  2021-10-06 14:38:23[                main]dler.AbstractUrlHandlerMapping registerHandler      Mapped URL path [/cache/select/{rfcName}.*] onto handler 'cacheClearContoller'
INFO  2021-10-06 14:38:23[                main]dler.AbstractUrlHandlerMapping registerHandler      Mapped URL path [/cache/select/{rfcName}/] onto handler 'cacheClearContoller'
INFO  2021-10-06 14:38:23[                main]dler.AbstractUrlHandlerMapping registerHandler      Mapped URL path [/cowaydownload/{target}/**] onto handler 'cowayDownloadController'
INFO  2021-10-06 14:38:23[                main]dler.AbstractUrlHandlerMapping registerHandler      Mapped URL path [/cowaydownload/{target}/**.*] onto handler 'cowayDownloadController'
INFO  2021-10-06 14:38:23[                main]dler.AbstractUrlHandlerMapping registerHandler      Mapped URL path [/cowaydownload/{target}/**/] onto handler 'cowayDownloadController'
INFO  2021-10-06 14:38:23[                main]dler.AbstractUrlHandlerMapping registerHandler      Mapped URL path [/cowayupload] onto handler 'cowayUploadController'
INFO  2021-10-06 14:38:23[                main]dler.AbstractUrlHandlerMapping registerHandler      Mapped URL path [/cowayupload.*] onto handler 'cowayUploadController'
INFO  2021-10-06 14:38:23[                main]dler.AbstractUrlHandlerMapping registerHandler      Mapped URL path [/cowayupload/] onto handler 'cowayUploadController'
INFO  2021-10-06 14:38:23[                main]dler.AbstractUrlHandlerMapping registerHandler      Mapped URL path [/cowayupload/.*] onto handler 'cowayUploadController'
INFO  2021-10-06 14:38:23[                main]dler.AbstractUrlHandlerMapping registerHandler      Mapped URL path [/health/check] onto handler 'healthCheckContoller'
INFO  2021-10-06 14:38:23[                main]dler.AbstractUrlHandlerMapping registerHandler      Mapped URL path [/health/check.*] onto handler 'healthCheckContoller'
INFO  2021-10-06 14:38:23[                main]dler.AbstractUrlHandlerMapping registerHandler      Mapped URL path [/health/check/] onto handler 'healthCheckContoller'
INFO  2021-10-06 14:38:23[                main]dler.AbstractUrlHandlerMapping registerHandler      Root mapping to handler of type [class org.springframework.web.servlet.mvc.ParameterizableViewController]
INFO  2021-10-06 14:38:24[                main]servlet.FrameworkServlet       initServletBean      FrameworkServlet 'dispatcher': initialization completed in 830 ms
